<?xml version="1.0" encoding="UTF-8"?>
<robot generator="Robot 6.1.1 (Python 3.9.5 on linux)" generated="20240131 12:28:57.449" rpa="false" schemaversion="4">
<suite id="s1" name="Crm" source="/home/voosy/Pro/robot_udemy/CRM/Tests/crm.robot">
<test id="s1-t1" name="Home page should load" line="20">
<kw name="Begin Web Test" library="Common" type="SETUP">
<kw name="Set Selenium Timeout" library="SeleniumLibrary">
<arg>10s</arg>
<doc>Sets the timeout that is used by various keywords.</doc>
<status status="PASS" starttime="20240131 12:28:57.630" endtime="20240131 12:28:57.631"/>
</kw>
<kw name="Open Browser" library="SeleniumLibrary">
<arg>about:blank</arg>
<arg>${BROWSER}</arg>
<doc>Opens a new browser instance to the optional ``url``.</doc>
<msg timestamp="20240131 12:28:57.632" level="INFO">Opening browser 'chrome' to base url 'about:blank'.</msg>
<status status="PASS" starttime="20240131 12:28:57.631" endtime="20240131 12:28:58.596"/>
</kw>
<kw name="Set Window Position" library="SeleniumLibrary">
<arg>x=41</arg>
<arg>y=169</arg>
<doc>Sets window position using ``x`` and ``y`` coordinates.</doc>
<status status="PASS" starttime="20240131 12:28:58.597" endtime="20240131 12:28:58.702"/>
</kw>
<kw name="Set Window Size" library="SeleniumLibrary">
<arg>1880</arg>
<arg>1080</arg>
<doc>Sets current windows size to given ``width`` and ``height``.</doc>
<status status="PASS" starttime="20240131 12:28:58.702" endtime="20240131 12:28:58.809"/>
</kw>
<status status="PASS" starttime="20240131 12:28:57.630" endtime="20240131 12:28:58.809"/>
</kw>
<kw name="Go to &quot;HomePage&quot;" library="CrmApp">
<kw name="Navigate to" library="HomePage">
<kw name="Go To" library="SeleniumLibrary">
<arg>${URL}</arg>
<doc>Navigates the current browser window to the provided ``url``.</doc>
<msg timestamp="20240131 12:28:58.814" level="INFO">Opening url 'https://automationplayground.com/crm/'</msg>
<status status="PASS" starttime="20240131 12:28:58.813" endtime="20240131 12:28:59.768"/>
</kw>
<status status="PASS" starttime="20240131 12:28:58.812" endtime="20240131 12:28:59.769"/>
</kw>
<kw name="Verify Page Loaded" library="HomePage">
<kw name="Page Should Contain" library="SeleniumLibrary">
<arg>${HOME_HEADER_LABEL}</arg>
<doc>Verifies that current page contains ``text``.</doc>
<msg timestamp="20240131 12:28:59.783" level="INFO">Current page contains text 'Customers Are Priority One!'.</msg>
<status status="PASS" starttime="20240131 12:28:59.769" endtime="20240131 12:28:59.784"/>
</kw>
<status status="PASS" starttime="20240131 12:28:59.769" endtime="20240131 12:28:59.784"/>
</kw>
<status status="PASS" starttime="20240131 12:28:58.810" endtime="20240131 12:28:59.784"/>
</kw>
<kw name="End Web Test" library="Common" type="TEARDOWN">
<kw name="Close All Browsers" library="SeleniumLibrary">
<doc>Closes all open browsers and resets the browser cache.</doc>
<status status="PASS" starttime="20240131 12:28:59.785" endtime="20240131 12:28:59.843"/>
</kw>
<status status="PASS" starttime="20240131 12:28:59.784" endtime="20240131 12:28:59.843"/>
</kw>
<doc>Test the Home Page</doc>
<tag>1001</tag>
<tag>Home</tag>
<tag>Smoke</tag>
<status status="PASS" starttime="20240131 12:28:57.629" endtime="20240131 12:28:59.843"/>
</test>
<doc>This is some basic info about the whole suite        //some information about the system under test and why you're testing it</doc>
<status status="PASS" starttime="20240131 12:28:57.452" endtime="20240131 12:28:59.845"/>
</suite>
<statistics>
<total>
<stat pass="1" fail="0" skip="0">All Tests</stat>
</total>
<tag>
<stat pass="1" fail="0" skip="0">1001</stat>
<stat pass="1" fail="0" skip="0">Home</stat>
<stat pass="1" fail="0" skip="0">Smoke</stat>
</tag>
<suite>
<stat pass="1" fail="0" skip="0" id="s1" name="Crm">Crm</stat>
</suite>
</statistics>
<errors>
</errors>
</robot>
