<?xml version="1.0" encoding="UTF-8"?>
<robot generator="Robot 6.1.1 (Python 3.9.5 on linux)" generated="20240305 15:04:11.768" rpa="false" schemaversion="4">
<suite id="s1" name="Crm" source="/home/voosy/Pro/robot_udemy/CRM/Tests/crm.robot">
<test id="s1-t1" name="Home page should load" line="20">
<kw name="Begin Web Test" library="Common" type="SETUP">
<kw name="Set Selenium Timeout" library="SeleniumLibrary">
<arg>10s</arg>
<doc>Sets the timeout that is used by various keywords.</doc>
<status status="PASS" starttime="20240305 15:04:11.927" endtime="20240305 15:04:11.927"/>
</kw>
<kw name="Open Browser" library="SeleniumLibrary">
<arg>about:blank</arg>
<arg>${BROWSER}</arg>
<doc>Opens a new browser instance to the optional ``url``.</doc>
<msg timestamp="20240305 15:04:11.928" level="INFO">Opening browser 'chrome' to base url 'about:blank'.</msg>
<status status="PASS" starttime="20240305 15:04:11.927" endtime="20240305 15:04:13.698"/>
</kw>
<kw name="Set Window Position" library="SeleniumLibrary">
<arg>x=41</arg>
<arg>y=169</arg>
<doc>Sets window position using ``x`` and ``y`` coordinates.</doc>
<status status="PASS" starttime="20240305 15:04:13.698" endtime="20240305 15:04:13.802"/>
</kw>
<kw name="Set Window Size" library="SeleniumLibrary">
<arg>1880</arg>
<arg>1080</arg>
<doc>Sets current windows size to given ``width`` and ``height``.</doc>
<status status="PASS" starttime="20240305 15:04:13.802" endtime="20240305 15:04:13.910"/>
</kw>
<status status="PASS" starttime="20240305 15:04:11.927" endtime="20240305 15:04:13.911"/>
</kw>
<kw name="Go to &quot;HomePage&quot;" library="CrmApp">
<kw name="Navigate to" library="HomePage">
<kw name="Go To" library="SeleniumLibrary">
<arg>${URL}</arg>
<doc>Navigates the current browser window to the provided ``url``.</doc>
<msg timestamp="20240305 15:04:13.915" level="INFO">Opening url 'https://automationplayground.com/crm/'</msg>
<status status="PASS" starttime="20240305 15:04:13.915" endtime="20240305 15:04:15.128"/>
</kw>
<status status="PASS" starttime="20240305 15:04:13.914" endtime="20240305 15:04:15.128"/>
</kw>
<kw name="Verify Page Loaded" library="HomePage">
<kw name="Page Should Contain" library="SeleniumLibrary">
<arg>${HOME_HEADER_LABEL}</arg>
<doc>Verifies that current page contains ``text``.</doc>
<msg timestamp="20240305 15:04:15.141" level="INFO">Current page contains text 'Customers Are Priority One!'.</msg>
<status status="PASS" starttime="20240305 15:04:15.129" endtime="20240305 15:04:15.142"/>
</kw>
<status status="PASS" starttime="20240305 15:04:15.128" endtime="20240305 15:04:15.142"/>
</kw>
<status status="PASS" starttime="20240305 15:04:13.912" endtime="20240305 15:04:15.142"/>
</kw>
<kw name="End Web Test" library="Common" type="TEARDOWN">
<kw name="Close All Browsers" library="SeleniumLibrary">
<doc>Closes all open browsers and resets the browser cache.</doc>
<status status="PASS" starttime="20240305 15:04:15.142" endtime="20240305 15:04:15.200"/>
</kw>
<status status="PASS" starttime="20240305 15:04:15.142" endtime="20240305 15:04:15.200"/>
</kw>
<doc>Test the Home Page</doc>
<tag>1001</tag>
<tag>Home</tag>
<tag>Smoke</tag>
<status status="PASS" starttime="20240305 15:04:11.926" endtime="20240305 15:04:15.200"/>
</test>
<test id="s1-t2" name="Login should succeed with valid credentials" line="25">
<kw name="Begin Web Test" library="Common" type="SETUP">
<kw name="Set Selenium Timeout" library="SeleniumLibrary">
<arg>10s</arg>
<doc>Sets the timeout that is used by various keywords.</doc>
<status status="PASS" starttime="20240305 15:04:15.201" endtime="20240305 15:04:15.201"/>
</kw>
<kw name="Open Browser" library="SeleniumLibrary">
<arg>about:blank</arg>
<arg>${BROWSER}</arg>
<doc>Opens a new browser instance to the optional ``url``.</doc>
<msg timestamp="20240305 15:04:15.202" level="INFO">Opening browser 'chrome' to base url 'about:blank'.</msg>
<status status="PASS" starttime="20240305 15:04:15.201" endtime="20240305 15:04:16.107"/>
</kw>
<kw name="Set Window Position" library="SeleniumLibrary">
<arg>x=41</arg>
<arg>y=169</arg>
<doc>Sets window position using ``x`` and ``y`` coordinates.</doc>
<status status="PASS" starttime="20240305 15:04:16.108" endtime="20240305 15:04:16.213"/>
</kw>
<kw name="Set Window Size" library="SeleniumLibrary">
<arg>1880</arg>
<arg>1080</arg>
<doc>Sets current windows size to given ``width`` and ``height``.</doc>
<status status="PASS" starttime="20240305 15:04:16.214" endtime="20240305 15:04:16.320"/>
</kw>
<status status="PASS" starttime="20240305 15:04:15.201" endtime="20240305 15:04:16.320"/>
</kw>
<kw name="Go to &quot;HomePage&quot;" library="CrmApp">
<kw name="Navigate to" library="HomePage">
<kw name="Go To" library="SeleniumLibrary">
<arg>${URL}</arg>
<doc>Navigates the current browser window to the provided ``url``.</doc>
<msg timestamp="20240305 15:04:16.322" level="INFO">Opening url 'https://automationplayground.com/crm/'</msg>
<status status="PASS" starttime="20240305 15:04:16.321" endtime="20240305 15:04:17.219"/>
</kw>
<status status="PASS" starttime="20240305 15:04:16.321" endtime="20240305 15:04:17.219"/>
</kw>
<kw name="Verify Page Loaded" library="HomePage">
<kw name="Page Should Contain" library="SeleniumLibrary">
<arg>${HOME_HEADER_LABEL}</arg>
<doc>Verifies that current page contains ``text``.</doc>
<msg timestamp="20240305 15:04:17.231" level="INFO">Current page contains text 'Customers Are Priority One!'.</msg>
<status status="PASS" starttime="20240305 15:04:17.219" endtime="20240305 15:04:17.232"/>
</kw>
<status status="PASS" starttime="20240305 15:04:17.219" endtime="20240305 15:04:17.232"/>
</kw>
<status status="PASS" starttime="20240305 15:04:16.321" endtime="20240305 15:04:17.232"/>
</kw>
<kw name="Login With Valid Credentials" library="CrmApp">
<arg>${VALID_LOGIN_EMAIL}</arg>
<arg>${VALID_LOGIN_PASSWORD}</arg>
<kw name="Click &quot;Sign In&quot; Link" library="TopNav">
<kw name="Click Link" library="SeleniumLibrary">
<arg>${TOPNAV_SIGNIN_LINK}</arg>
<doc>Clicks a link identified by ``locator``.</doc>
<msg timestamp="20240305 15:04:17.233" level="INFO">Clicking link 'id=SignIn'.</msg>
<status status="PASS" starttime="20240305 15:04:17.233" endtime="20240305 15:04:17.975"/>
</kw>
<status status="PASS" starttime="20240305 15:04:17.232" endtime="20240305 15:04:17.975"/>
</kw>
<kw name="Verify Page Loaded" library="SignIn">
<kw name="Wait Until Page Contains" library="SeleniumLibrary">
<arg>${SIGN_IN_HEADER_LABEL}</arg>
<doc>Waits until ``text`` appears on the current page.</doc>
<status status="PASS" starttime="20240305 15:04:17.975" endtime="20240305 15:04:17.989"/>
</kw>
<status status="PASS" starttime="20240305 15:04:17.975" endtime="20240305 15:04:17.989"/>
</kw>
<kw name="Login With Valid Credentians" library="SignIn">
<arg>${Email}</arg>
<arg>${Password}</arg>
<kw name="Fill &quot;Email&quot; Field" library="SignIn">
<arg>${Email}</arg>
<kw name="Input Text" library="SeleniumLibrary">
<arg>${SIGNIN_EMAIL_TEXTBOX}</arg>
<arg>${Email}</arg>
<doc>Types the given ``text`` into the text field identified by ``locator``.</doc>
<msg timestamp="20240305 15:04:17.991" level="INFO">Typing text 'admin@robotframework.com' into text field 'id=email-id'.</msg>
<status status="PASS" starttime="20240305 15:04:17.990" endtime="20240305 15:04:18.064"/>
</kw>
<status status="PASS" starttime="20240305 15:04:17.990" endtime="20240305 15:04:18.064"/>
</kw>
<kw name="Fill &quot;Password&quot; Field" library="SignIn">
<arg>${Password}</arg>
<kw name="Input Text" library="SeleniumLibrary">
<arg>${SIGNIN_PASSWORD_TEXTBOX}</arg>
<arg>${Password}</arg>
<doc>Types the given ``text`` into the text field identified by ``locator``.</doc>
<msg timestamp="20240305 15:04:18.065" level="INFO">Typing text 'Qwe123' into text field 'id=password'.</msg>
<status status="PASS" starttime="20240305 15:04:18.065" endtime="20240305 15:04:18.128"/>
</kw>
<status status="PASS" starttime="20240305 15:04:18.064" endtime="20240305 15:04:18.128"/>
</kw>
<kw name="Click &quot;Submit&quot; Button" library="SignIn">
<kw name="Click Button" library="SeleniumLibrary">
<arg>${SIGNIN_SUBMIT_BUTTON}</arg>
<doc>Clicks the button identified by ``locator``.</doc>
<msg timestamp="20240305 15:04:18.129" level="INFO">Clicking button 'id=submit-id'.</msg>
<status status="PASS" starttime="20240305 15:04:18.129" endtime="20240305 15:04:18.384"/>
</kw>
<status status="PASS" starttime="20240305 15:04:18.129" endtime="20240305 15:04:18.384"/>
</kw>
<status status="PASS" starttime="20240305 15:04:17.990" endtime="20240305 15:04:18.385"/>
</kw>
<kw name="Verify Page Loaded" library="Customers">
<kw name="Wait Until Page Contains" library="SeleniumLibrary">
<arg>${CUSTOMER_HEADER_LABEL}</arg>
<doc>Waits until ``text`` appears on the current page.</doc>
<status status="PASS" starttime="20240305 15:04:18.387" endtime="20240305 15:04:18.852"/>
</kw>
<status status="PASS" starttime="20240305 15:04:18.385" endtime="20240305 15:04:18.853"/>
</kw>
<status status="PASS" starttime="20240305 15:04:17.232" endtime="20240305 15:04:18.853"/>
</kw>
<kw name="End Web Test" library="Common" type="TEARDOWN">
<kw name="Close All Browsers" library="SeleniumLibrary">
<doc>Closes all open browsers and resets the browser cache.</doc>
<status status="PASS" starttime="20240305 15:04:18.856" endtime="20240305 15:04:18.919"/>
</kw>
<status status="PASS" starttime="20240305 15:04:18.854" endtime="20240305 15:04:18.919"/>
</kw>
<doc>Test the login</doc>
<tag>1002</tag>
<tag>Login</tag>
<tag>Smoke</tag>
<status status="PASS" starttime="20240305 15:04:15.200" endtime="20240305 15:04:18.919"/>
</test>
<test id="s1-t3" name="Should be able to log out" line="31">
<kw name="Begin Web Test" library="Common" type="SETUP">
<kw name="Set Selenium Timeout" library="SeleniumLibrary">
<arg>10s</arg>
<doc>Sets the timeout that is used by various keywords.</doc>
<status status="PASS" starttime="20240305 15:04:18.921" endtime="20240305 15:04:18.922"/>
</kw>
<kw name="Open Browser" library="SeleniumLibrary">
<arg>about:blank</arg>
<arg>${BROWSER}</arg>
<doc>Opens a new browser instance to the optional ``url``.</doc>
<msg timestamp="20240305 15:04:18.923" level="INFO">Opening browser 'chrome' to base url 'about:blank'.</msg>
<status status="PASS" starttime="20240305 15:04:18.922" endtime="20240305 15:04:19.845"/>
</kw>
<kw name="Set Window Position" library="SeleniumLibrary">
<arg>x=41</arg>
<arg>y=169</arg>
<doc>Sets window position using ``x`` and ``y`` coordinates.</doc>
<status status="PASS" starttime="20240305 15:04:19.845" endtime="20240305 15:04:19.952"/>
</kw>
<kw name="Set Window Size" library="SeleniumLibrary">
<arg>1880</arg>
<arg>1080</arg>
<doc>Sets current windows size to given ``width`` and ``height``.</doc>
<status status="PASS" starttime="20240305 15:04:19.952" endtime="20240305 15:04:20.070"/>
</kw>
<status status="PASS" starttime="20240305 15:04:18.921" endtime="20240305 15:04:20.071"/>
</kw>
<kw name="Go to &quot;HomePage&quot;" library="CrmApp">
<kw name="Navigate to" library="HomePage">
<kw name="Go To" library="SeleniumLibrary">
<arg>${URL}</arg>
<doc>Navigates the current browser window to the provided ``url``.</doc>
<msg timestamp="20240305 15:04:20.074" level="INFO">Opening url 'https://automationplayground.com/crm/'</msg>
<status status="PASS" starttime="20240305 15:04:20.074" endtime="20240305 15:04:21.021"/>
</kw>
<status status="PASS" starttime="20240305 15:04:20.072" endtime="20240305 15:04:21.021"/>
</kw>
<kw name="Verify Page Loaded" library="HomePage">
<kw name="Page Should Contain" library="SeleniumLibrary">
<arg>${HOME_HEADER_LABEL}</arg>
<doc>Verifies that current page contains ``text``.</doc>
<msg timestamp="20240305 15:04:21.034" level="INFO">Current page contains text 'Customers Are Priority One!'.</msg>
<status status="PASS" starttime="20240305 15:04:21.022" endtime="20240305 15:04:21.034"/>
</kw>
<status status="PASS" starttime="20240305 15:04:21.021" endtime="20240305 15:04:21.034"/>
</kw>
<status status="PASS" starttime="20240305 15:04:20.071" endtime="20240305 15:04:21.034"/>
</kw>
<kw name="Login With Valid Credentials" library="CrmApp">
<arg>${VALID_LOGIN_EMAIL}</arg>
<arg>${VALID_LOGIN_PASSWORD}</arg>
<kw name="Click &quot;Sign In&quot; Link" library="TopNav">
<kw name="Click Link" library="SeleniumLibrary">
<arg>${TOPNAV_SIGNIN_LINK}</arg>
<doc>Clicks a link identified by ``locator``.</doc>
<msg timestamp="20240305 15:04:21.035" level="INFO">Clicking link 'id=SignIn'.</msg>
<status status="PASS" starttime="20240305 15:04:21.035" endtime="20240305 15:04:21.841"/>
</kw>
<status status="PASS" starttime="20240305 15:04:21.035" endtime="20240305 15:04:21.841"/>
</kw>
<kw name="Verify Page Loaded" library="SignIn">
<kw name="Wait Until Page Contains" library="SeleniumLibrary">
<arg>${SIGN_IN_HEADER_LABEL}</arg>
<doc>Waits until ``text`` appears on the current page.</doc>
<status status="PASS" starttime="20240305 15:04:21.841" endtime="20240305 15:04:21.856"/>
</kw>
<status status="PASS" starttime="20240305 15:04:21.841" endtime="20240305 15:04:21.856"/>
</kw>
<kw name="Login With Valid Credentians" library="SignIn">
<arg>${Email}</arg>
<arg>${Password}</arg>
<kw name="Fill &quot;Email&quot; Field" library="SignIn">
<arg>${Email}</arg>
<kw name="Input Text" library="SeleniumLibrary">
<arg>${SIGNIN_EMAIL_TEXTBOX}</arg>
<arg>${Email}</arg>
<doc>Types the given ``text`` into the text field identified by ``locator``.</doc>
<msg timestamp="20240305 15:04:21.857" level="INFO">Typing text 'admin@robotframework.com' into text field 'id=email-id'.</msg>
<status status="PASS" starttime="20240305 15:04:21.857" endtime="20240305 15:04:21.933"/>
</kw>
<status status="PASS" starttime="20240305 15:04:21.856" endtime="20240305 15:04:21.933"/>
</kw>
<kw name="Fill &quot;Password&quot; Field" library="SignIn">
<arg>${Password}</arg>
<kw name="Input Text" library="SeleniumLibrary">
<arg>${SIGNIN_PASSWORD_TEXTBOX}</arg>
<arg>${Password}</arg>
<doc>Types the given ``text`` into the text field identified by ``locator``.</doc>
<msg timestamp="20240305 15:04:21.935" level="INFO">Typing text 'Qwe123' into text field 'id=password'.</msg>
<status status="PASS" starttime="20240305 15:04:21.934" endtime="20240305 15:04:21.999"/>
</kw>
<status status="PASS" starttime="20240305 15:04:21.934" endtime="20240305 15:04:21.999"/>
</kw>
<kw name="Click &quot;Submit&quot; Button" library="SignIn">
<kw name="Click Button" library="SeleniumLibrary">
<arg>${SIGNIN_SUBMIT_BUTTON}</arg>
<doc>Clicks the button identified by ``locator``.</doc>
<msg timestamp="20240305 15:04:22.000" level="INFO">Clicking button 'id=submit-id'.</msg>
<status status="PASS" starttime="20240305 15:04:21.999" endtime="20240305 15:04:22.283"/>
</kw>
<status status="PASS" starttime="20240305 15:04:21.999" endtime="20240305 15:04:22.284"/>
</kw>
<status status="PASS" starttime="20240305 15:04:21.856" endtime="20240305 15:04:22.284"/>
</kw>
<kw name="Verify Page Loaded" library="Customers">
<kw name="Wait Until Page Contains" library="SeleniumLibrary">
<arg>${CUSTOMER_HEADER_LABEL}</arg>
<doc>Waits until ``text`` appears on the current page.</doc>
<status status="PASS" starttime="20240305 15:04:22.285" endtime="20240305 15:04:22.645"/>
</kw>
<status status="PASS" starttime="20240305 15:04:22.284" endtime="20240305 15:04:22.645"/>
</kw>
<status status="PASS" starttime="20240305 15:04:21.034" endtime="20240305 15:04:22.646"/>
</kw>
<kw name="Sign Out" library="CrmApp">
<kw name="Click &quot;Sign Out&quot; Link" library="TopNav">
<kw name="Click Link" library="SeleniumLibrary">
<arg>${TOPNAV_SIGNOUT_LINK}</arg>
<doc>Clicks a link identified by ``locator``.</doc>
<msg timestamp="20240305 15:04:22.650" level="INFO">Clicking link 'Sign Out'.</msg>
<status status="PASS" starttime="20240305 15:04:22.648" endtime="20240305 15:04:23.014"/>
</kw>
<status status="PASS" starttime="20240305 15:04:22.647" endtime="20240305 15:04:23.014"/>
</kw>
<kw name="Verify Page Loaded" library="LoggedOut">
<kw name="Wait Until Page Contains" library="SeleniumLibrary">
<arg>${LOGGEDOUT_HEADER_LABEL}</arg>
<doc>Waits until ``text`` appears on the current page.</doc>
<status status="PASS" starttime="20240305 15:04:23.014" endtime="20240305 15:04:23.024"/>
</kw>
<status status="PASS" starttime="20240305 15:04:23.014" endtime="20240305 15:04:23.024"/>
</kw>
<status status="PASS" starttime="20240305 15:04:22.646" endtime="20240305 15:04:23.025"/>
</kw>
<kw name="End Web Test" library="Common" type="TEARDOWN">
<kw name="Close All Browsers" library="SeleniumLibrary">
<doc>Closes all open browsers and resets the browser cache.</doc>
<status status="PASS" starttime="20240305 15:04:23.025" endtime="20240305 15:04:23.092"/>
</kw>
<status status="PASS" starttime="20240305 15:04:23.025" endtime="20240305 15:04:23.092"/>
</kw>
<doc>Test the log out</doc>
<tag>1004</tag>
<tag>Log Out</tag>
<tag>Smoke</tag>
<status status="PASS" starttime="20240305 15:04:18.920" endtime="20240305 15:04:23.093"/>
</test>
<test id="s1-t4" name="Should be able to add new customer" line="38">
<kw name="Begin Web Test" library="Common" type="SETUP">
<kw name="Set Selenium Timeout" library="SeleniumLibrary">
<arg>10s</arg>
<doc>Sets the timeout that is used by various keywords.</doc>
<status status="PASS" starttime="20240305 15:04:23.094" endtime="20240305 15:04:23.095"/>
</kw>
<kw name="Open Browser" library="SeleniumLibrary">
<arg>about:blank</arg>
<arg>${BROWSER}</arg>
<doc>Opens a new browser instance to the optional ``url``.</doc>
<msg timestamp="20240305 15:04:23.096" level="INFO">Opening browser 'chrome' to base url 'about:blank'.</msg>
<status status="PASS" starttime="20240305 15:04:23.095" endtime="20240305 15:04:24.025"/>
</kw>
<kw name="Set Window Position" library="SeleniumLibrary">
<arg>x=41</arg>
<arg>y=169</arg>
<doc>Sets window position using ``x`` and ``y`` coordinates.</doc>
<status status="PASS" starttime="20240305 15:04:24.025" endtime="20240305 15:04:24.129"/>
</kw>
<kw name="Set Window Size" library="SeleniumLibrary">
<arg>1880</arg>
<arg>1080</arg>
<doc>Sets current windows size to given ``width`` and ``height``.</doc>
<status status="PASS" starttime="20240305 15:04:24.130" endtime="20240305 15:04:24.240"/>
</kw>
<status status="PASS" starttime="20240305 15:04:23.094" endtime="20240305 15:04:24.241"/>
</kw>
<kw name="Go to &quot;HomePage&quot;" library="CrmApp">
<kw name="Navigate to" library="HomePage">
<kw name="Go To" library="SeleniumLibrary">
<arg>${URL}</arg>
<doc>Navigates the current browser window to the provided ``url``.</doc>
<msg timestamp="20240305 15:04:24.242" level="INFO">Opening url 'https://automationplayground.com/crm/'</msg>
<status status="PASS" starttime="20240305 15:04:24.242" endtime="20240305 15:04:25.255"/>
</kw>
<status status="PASS" starttime="20240305 15:04:24.241" endtime="20240305 15:04:25.255"/>
</kw>
<kw name="Verify Page Loaded" library="HomePage">
<kw name="Page Should Contain" library="SeleniumLibrary">
<arg>${HOME_HEADER_LABEL}</arg>
<doc>Verifies that current page contains ``text``.</doc>
<msg timestamp="20240305 15:04:25.267" level="INFO">Current page contains text 'Customers Are Priority One!'.</msg>
<status status="PASS" starttime="20240305 15:04:25.256" endtime="20240305 15:04:25.267"/>
</kw>
<status status="PASS" starttime="20240305 15:04:25.255" endtime="20240305 15:04:25.267"/>
</kw>
<status status="PASS" starttime="20240305 15:04:24.241" endtime="20240305 15:04:25.267"/>
</kw>
<kw name="Login With Valid Credentials" library="CrmApp">
<arg>${VALID_LOGIN_EMAIL}</arg>
<arg>${VALID_LOGIN_PASSWORD}</arg>
<kw name="Click &quot;Sign In&quot; Link" library="TopNav">
<kw name="Click Link" library="SeleniumLibrary">
<arg>${TOPNAV_SIGNIN_LINK}</arg>
<doc>Clicks a link identified by ``locator``.</doc>
<msg timestamp="20240305 15:04:25.269" level="INFO">Clicking link 'id=SignIn'.</msg>
<status status="PASS" starttime="20240305 15:04:25.268" endtime="20240305 15:04:26.106"/>
</kw>
<status status="PASS" starttime="20240305 15:04:25.268" endtime="20240305 15:04:26.106"/>
</kw>
<kw name="Verify Page Loaded" library="SignIn">
<kw name="Wait Until Page Contains" library="SeleniumLibrary">
<arg>${SIGN_IN_HEADER_LABEL}</arg>
<doc>Waits until ``text`` appears on the current page.</doc>
<status status="PASS" starttime="20240305 15:04:26.107" endtime="20240305 15:04:26.122"/>
</kw>
<status status="PASS" starttime="20240305 15:04:26.106" endtime="20240305 15:04:26.123"/>
</kw>
<kw name="Login With Valid Credentians" library="SignIn">
<arg>${Email}</arg>
<arg>${Password}</arg>
<kw name="Fill &quot;Email&quot; Field" library="SignIn">
<arg>${Email}</arg>
<kw name="Input Text" library="SeleniumLibrary">
<arg>${SIGNIN_EMAIL_TEXTBOX}</arg>
<arg>${Email}</arg>
<doc>Types the given ``text`` into the text field identified by ``locator``.</doc>
<msg timestamp="20240305 15:04:26.124" level="INFO">Typing text 'admin@robotframework.com' into text field 'id=email-id'.</msg>
<status status="PASS" starttime="20240305 15:04:26.123" endtime="20240305 15:04:26.199"/>
</kw>
<status status="PASS" starttime="20240305 15:04:26.123" endtime="20240305 15:04:26.199"/>
</kw>
<kw name="Fill &quot;Password&quot; Field" library="SignIn">
<arg>${Password}</arg>
<kw name="Input Text" library="SeleniumLibrary">
<arg>${SIGNIN_PASSWORD_TEXTBOX}</arg>
<arg>${Password}</arg>
<doc>Types the given ``text`` into the text field identified by ``locator``.</doc>
<msg timestamp="20240305 15:04:26.201" level="INFO">Typing text 'Qwe123' into text field 'id=password'.</msg>
<status status="PASS" starttime="20240305 15:04:26.200" endtime="20240305 15:04:26.261"/>
</kw>
<status status="PASS" starttime="20240305 15:04:26.200" endtime="20240305 15:04:26.261"/>
</kw>
<kw name="Click &quot;Submit&quot; Button" library="SignIn">
<kw name="Click Button" library="SeleniumLibrary">
<arg>${SIGNIN_SUBMIT_BUTTON}</arg>
<doc>Clicks the button identified by ``locator``.</doc>
<msg timestamp="20240305 15:04:26.262" level="INFO">Clicking button 'id=submit-id'.</msg>
<status status="PASS" starttime="20240305 15:04:26.262" endtime="20240305 15:04:26.597"/>
</kw>
<status status="PASS" starttime="20240305 15:04:26.262" endtime="20240305 15:04:26.597"/>
</kw>
<status status="PASS" starttime="20240305 15:04:26.123" endtime="20240305 15:04:26.598"/>
</kw>
<kw name="Verify Page Loaded" library="Customers">
<kw name="Wait Until Page Contains" library="SeleniumLibrary">
<arg>${CUSTOMER_HEADER_LABEL}</arg>
<doc>Waits until ``text`` appears on the current page.</doc>
<status status="PASS" starttime="20240305 15:04:26.599" endtime="20240305 15:04:26.907"/>
</kw>
<status status="PASS" starttime="20240305 15:04:26.598" endtime="20240305 15:04:26.907"/>
</kw>
<status status="PASS" starttime="20240305 15:04:25.268" endtime="20240305 15:04:26.907"/>
</kw>
<kw name="Add New Customer" library="CrmApp">
<kw name="Click Add Customer Link" library="Customers">
<kw name="Click Element" library="SeleniumLibrary">
<arg>${CUSTOMERS_ADD_CUSTOMER_LINK}</arg>
<doc>Click the element identified by ``locator``.</doc>
<msg timestamp="20240305 15:04:26.911" level="INFO">Clicking element 'id=new-customer'.</msg>
<status status="PASS" starttime="20240305 15:04:26.910" endtime="20240305 15:04:27.394"/>
</kw>
<status status="PASS" starttime="20240305 15:04:26.909" endtime="20240305 15:04:27.394"/>
</kw>
<kw name="Verify Page Loaded" library="AddCustomer">
<kw name="Wait Until Page Contains" library="SeleniumLibrary">
<arg>${ADDCUSTOMER_HEADER_LABEL}</arg>
<doc>Waits until ``text`` appears on the current page.</doc>
<status status="PASS" starttime="20240305 15:04:27.394" endtime="20240305 15:04:27.408"/>
</kw>
<status status="PASS" starttime="20240305 15:04:27.394" endtime="20240305 15:04:27.408"/>
</kw>
<kw name="Add New Customer" library="AddCustomer">
<kw name="Fill Customer Fields" library="AddCustomer">
<kw name="Input Text" library="SeleniumLibrary">
<arg>${ADDCUSTOMER_EMAIL_TEXTBOX}</arg>
<arg>janedo@user.com</arg>
<doc>Types the given ``text`` into the text field identified by ``locator``.</doc>
<msg timestamp="20240305 15:04:27.409" level="INFO">Typing text 'janedo@user.com' into text field 'id=EmailAddress'.</msg>
<status status="PASS" starttime="20240305 15:04:27.408" endtime="20240305 15:04:27.472"/>
</kw>
<kw name="Input Text" library="SeleniumLibrary">
<arg>${ADDCUSTOMER_FIRST_NAME_TEXTBOX}</arg>
<arg>Jane</arg>
<doc>Types the given ``text`` into the text field identified by ``locator``.</doc>
<msg timestamp="20240305 15:04:27.473" level="INFO">Typing text 'Jane' into text field 'id=FirstName'.</msg>
<status status="PASS" starttime="20240305 15:04:27.472" endtime="20240305 15:04:27.531"/>
</kw>
<kw name="Input Text" library="SeleniumLibrary">
<arg>${ADDCUSTOMER_LAST_NAME_TEXTBOX}</arg>
<arg>Doe</arg>
<doc>Types the given ``text`` into the text field identified by ``locator``.</doc>
<msg timestamp="20240305 15:04:27.532" level="INFO">Typing text 'Doe' into text field 'id=LastName'.</msg>
<status status="PASS" starttime="20240305 15:04:27.532" endtime="20240305 15:04:27.589"/>
</kw>
<kw name="Input Text" library="SeleniumLibrary">
<arg>${ADDCUSTOMER_CITY_TEXTBOX}</arg>
<arg>Dallas</arg>
<doc>Types the given ``text`` into the text field identified by ``locator``.</doc>
<msg timestamp="20240305 15:04:27.590" level="INFO">Typing text 'Dallas' into text field 'id=City'.</msg>
<status status="PASS" starttime="20240305 15:04:27.589" endtime="20240305 15:04:27.645"/>
</kw>
<kw name="Select From List By Value" library="SeleniumLibrary">
<arg>${ADDCUSTOMER_STATE_DROBDOWN}</arg>
<arg>TX</arg>
<doc>Selects options from selection list ``locator`` by ``values``.</doc>
<msg timestamp="20240305 15:04:27.646" level="INFO">Selecting options from selection list 'id=StateOrRegion' by value TX.</msg>
<status status="PASS" starttime="20240305 15:04:27.646" endtime="20240305 15:04:27.704"/>
</kw>
<kw name="Select Radio Button" library="SeleniumLibrary">
<arg>${ADDCUSTOMER_GENDER_RADIO}</arg>
<arg>female</arg>
<doc>Sets the radio button group ``group_name`` to ``value``.</doc>
<msg timestamp="20240305 15:04:27.704" level="INFO">Selecting 'female' from radio button 'gender'.</msg>
<status status="PASS" starttime="20240305 15:04:27.704" endtime="20240305 15:04:27.751"/>
</kw>
<kw name="Select Checkbox" library="SeleniumLibrary">
<arg>${ADDCUSTOMER_PROMO_CHECKBOX}</arg>
<doc>Selects the checkbox identified by ``locator``.</doc>
<msg timestamp="20240305 15:04:27.752" level="INFO">Selecting checkbox 'promos-yes'.</msg>
<status status="PASS" starttime="20240305 15:04:27.752" endtime="20240305 15:04:27.794"/>
</kw>
<status status="PASS" starttime="20240305 15:04:27.408" endtime="20240305 15:04:27.795"/>
</kw>
<kw name="Click Submit Button" library="AddCustomer">
<kw name="Click Button" library="SeleniumLibrary">
<arg>${ADDCUSTOMER_SUBMIT_BUTTON}</arg>
<doc>Clicks the button identified by ``locator``.</doc>
<msg timestamp="20240305 15:04:27.795" level="INFO">Clicking button 'xpath=//*[@id="loginform"]/div/div/div/div/form/button'.</msg>
<status status="PASS" starttime="20240305 15:04:27.795" endtime="20240305 15:04:28.114"/>
</kw>
<status status="PASS" starttime="20240305 15:04:27.795" endtime="20240305 15:04:28.114"/>
</kw>
<status status="PASS" starttime="20240305 15:04:27.408" endtime="20240305 15:04:28.115"/>
</kw>
<kw name="Verify Customer Added Successfully" library="Customers">
<kw name="Wait Until Page Contains" library="SeleniumLibrary">
<arg>${CUSTOMERS_CUSTOMER_SECCESS_LABEL}</arg>
<doc>Waits until ``text`` appears on the current page.</doc>
<status status="PASS" starttime="20240305 15:04:28.118" endtime="20240305 15:04:28.226"/>
</kw>
<status status="PASS" starttime="20240305 15:04:28.116" endtime="20240305 15:04:28.226"/>
</kw>
<status status="PASS" starttime="20240305 15:04:26.908" endtime="20240305 15:04:28.226"/>
</kw>
<kw name="Sign Out" library="CrmApp">
<kw name="Click &quot;Sign Out&quot; Link" library="TopNav">
<kw name="Click Link" library="SeleniumLibrary">
<arg>${TOPNAV_SIGNOUT_LINK}</arg>
<doc>Clicks a link identified by ``locator``.</doc>
<msg timestamp="20240305 15:04:28.227" level="INFO">Clicking link 'Sign Out'.</msg>
<status status="PASS" starttime="20240305 15:04:28.227" endtime="20240305 15:04:28.543"/>
</kw>
<status status="PASS" starttime="20240305 15:04:28.227" endtime="20240305 15:04:28.543"/>
</kw>
<kw name="Verify Page Loaded" library="LoggedOut">
<kw name="Wait Until Page Contains" library="SeleniumLibrary">
<arg>${LOGGEDOUT_HEADER_LABEL}</arg>
<doc>Waits until ``text`` appears on the current page.</doc>
<status status="PASS" starttime="20240305 15:04:28.543" endtime="20240305 15:04:28.556"/>
</kw>
<status status="PASS" starttime="20240305 15:04:28.543" endtime="20240305 15:04:28.556"/>
</kw>
<status status="PASS" starttime="20240305 15:04:28.226" endtime="20240305 15:04:28.556"/>
</kw>
<kw name="End Web Test" library="Common" type="TEARDOWN">
<kw name="Close All Browsers" library="SeleniumLibrary">
<doc>Closes all open browsers and resets the browser cache.</doc>
<status status="PASS" starttime="20240305 15:04:28.556" endtime="20240305 15:04:28.615"/>
</kw>
<status status="PASS" starttime="20240305 15:04:28.556" endtime="20240305 15:04:28.615"/>
</kw>
<doc>This is a basic info about test</doc>
<tag>1006</tag>
<tag>Contacts</tag>
<tag>Smoke</tag>
<status status="PASS" starttime="20240305 15:04:23.093" endtime="20240305 15:04:28.615"/>
</test>
<doc>This is some basic info about the whole suite        //some information about the system under test and why you're testing it</doc>
<status status="PASS" starttime="20240305 15:04:11.768" endtime="20240305 15:04:28.616"/>
</suite>
<statistics>
<total>
<stat pass="4" fail="0" skip="0">All Tests</stat>
</total>
<tag>
<stat pass="1" fail="0" skip="0">1001</stat>
<stat pass="1" fail="0" skip="0">1002</stat>
<stat pass="1" fail="0" skip="0">1004</stat>
<stat pass="1" fail="0" skip="0">1006</stat>
<stat pass="1" fail="0" skip="0">Contacts</stat>
<stat pass="1" fail="0" skip="0">Home</stat>
<stat pass="1" fail="0" skip="0">Login</stat>
<stat pass="1" fail="0" skip="0">Log Out</stat>
<stat pass="4" fail="0" skip="0">Smoke</stat>
</tag>
<suite>
<stat pass="4" fail="0" skip="0" id="s1" name="Crm">Crm</stat>
</suite>
</statistics>
<errors>
</errors>
</robot>
